2017-07-04 22:18:25,173 INFO  [LoginTest] URLhttps://test.salesforce.com/navigated Successfully 
2017-07-04 22:18:25,189 INFO  [LoginTest] Website title is Salesforce - Unlimited Edition 
2017-07-04 22:18:25,189 INFO  [LoginTest] Username isken@kirinuki.jp.full 
2017-07-04 22:18:25,189 INFO  [LoginTest] Password is Masked 
2017-07-04 22:20:03,199 INFO  [LoginTest] URLhttps://test.salesforce.com/navigated Successfully 
2017-07-04 22:20:03,239 INFO  [LoginTest] Website title is Salesforce - Unlimited Edition 
2017-07-04 22:20:03,239 INFO  [LoginTest] Username isken@kirinuki.jp.full 
2017-07-04 22:20:03,239 INFO  [LoginTest] Password is Masked 
2017-07-04 22:20:03,663 INFO  [LoginTest] URLhttps://test.salesforce.com/navigated Successfully 
2017-07-04 22:20:03,709 INFO  [LoginTest] Website title is Salesforce - Unlimited Edition 
2017-07-04 22:20:03,710 INFO  [LoginTest] Username isken@kirinuki.jp.full 
2017-07-04 22:20:03,710 INFO  [LoginTest] Password is Masked 
2017-07-04 22:24:34,134 INFO  [LoginTest] URLhttps://test.salesforce.com/navigated Successfully 
2017-07-04 22:24:34,181 INFO  [LoginTest] Website title is Salesforce - Unlimited Edition 
2017-07-04 22:24:34,181 INFO  [LoginTest] Username isken@kirinuki.jp.full 
2017-07-04 22:24:34,181 INFO  [LoginTest] Password is Masked 
2017-07-04 22:24:47,030 INFO  [LoginTest] URLhttps://test.salesforce.com/navigated Successfully 
2017-07-04 22:24:47,075 INFO  [LoginTest] Website title is Production Order ~ Salesforce - Unlimited Edition 
2017-07-09 19:21:53,795 INFO  [LoginTest] URLhttps://test.salesforce.com/navigated Successfully 
2017-07-09 19:21:53,823 INFO  [LoginTest] Website title is Salesforce - Unlimited Edition 
2017-07-09 19:21:53,823 INFO  [LoginTest] Username isken@kirinuki.jp.full 
2017-07-09 19:21:53,823 INFO  [LoginTest] Password is Masked 
2017-07-09 19:22:09,216 INFO  [LoginTest] URLhttps://test.salesforce.com/navigated Successfully 
2017-07-09 19:22:09,251 INFO  [LoginTest] Website title is Production Order ~ Salesforce - Unlimited Edition 
2017-07-09 19:27:14,053 INFO  [LoginTest] URLhttps://test.salesforce.com/navigated Successfully 
2017-07-09 19:27:14,081 INFO  [LoginTest] Website title is Salesforce - Unlimited Edition 
2017-07-09 19:27:14,081 INFO  [LoginTest] Username isken@kirinuki.jp.full 
2017-07-09 19:27:14,081 INFO  [LoginTest] Password is Masked 
2017-07-09 19:27:28,503 INFO  [LoginTest] URLhttps://test.salesforce.com/navigated Successfully 
2017-07-09 19:27:28,538 INFO  [LoginTest] Website title is Production Order ~ Salesforce - Unlimited Edition 
2017-07-09 19:30:52,290 INFO  [LoginTest] URLhttps://test.salesforce.com/navigated Successfully 
2017-07-09 19:30:52,314 INFO  [LoginTest] Website title is Salesforce - Unlimited Edition 
2017-07-09 19:30:52,314 INFO  [LoginTest] Username isken@kirinuki.jp.full 
2017-07-09 19:30:52,314 INFO  [LoginTest] Password is Masked 
2017-07-09 19:31:06,162 INFO  [LoginTest] URLhttps://test.salesforce.com/navigated Successfully 
2017-07-09 19:31:06,196 INFO  [LoginTest] Website title is Production Order ~ Salesforce - Unlimited Edition 
2017-07-14 23:45:13,096 INFO  [LoginTest] URLhttps://test.salesforce.com/navigated Successfully 
2017-07-14 23:45:13,127 INFO  [LoginTest] Website title is Salesforce - Unlimited Edition 
2017-07-14 23:45:13,127 INFO  [LoginTest] Username isken@kirinuki.jp.full 
2017-07-14 23:45:13,127 INFO  [LoginTest] Password is Masked 
2017-07-14 23:45:26,272 INFO  [LoginTest] URLhttps://test.salesforce.com/navigated Successfully 
2017-07-14 23:45:26,323 INFO  [LoginTest] Website title is Production Order ~ Salesforce - Unlimited Edition 
2017-07-14 23:47:29,588 INFO  [LoginTest] URLhttps://test.salesforce.com/navigated Successfully 
2017-07-14 23:47:29,619 INFO  [LoginTest] Website title is Salesforce - Unlimited Edition 
2017-07-14 23:47:29,619 INFO  [LoginTest] Username isken@kirinuki.jp.full 
2017-07-14 23:47:29,619 INFO  [LoginTest] Password is Masked 
2017-07-14 23:47:41,356 INFO  [LoginTest] URLhttps://test.salesforce.com/navigated Successfully 
2017-07-14 23:47:41,403 INFO  [LoginTest] Website title is Production Order ~ Salesforce - Unlimited Edition 
2017-07-14 23:48:51,407 INFO  [LoginTest] URLhttps://test.salesforce.com/navigated Successfully 
2017-07-14 23:48:51,423 INFO  [LoginTest] Website title is Salesforce - Unlimited Edition 
2017-07-14 23:48:51,423 INFO  [LoginTest] Username isken@kirinuki.jp.full 
2017-07-14 23:48:51,423 INFO  [LoginTest] Password is Masked 
2017-07-14 23:49:03,892 INFO  [LoginTest] URLhttps://test.salesforce.com/navigated Successfully 
2017-07-14 23:49:03,918 INFO  [LoginTest] Website title is Production Order ~ Salesforce - Unlimited Edition 
2017-07-14 23:50:08,239 INFO  [LoginTest] URLhttps://test.salesforce.com/navigated Successfully 
2017-07-14 23:50:08,254 INFO  [LoginTest] Website title is Salesforce - Unlimited Edition 
2017-07-14 23:50:08,254 INFO  [LoginTest] Username isken@kirinuki.jp.full 
2017-07-14 23:50:08,254 INFO  [LoginTest] Password is Masked 
2017-07-14 23:50:19,725 INFO  [LoginTest] URLhttps://test.salesforce.com/navigated Successfully 
2017-07-14 23:50:19,762 INFO  [LoginTest] Website title is Production Order ~ Salesforce - Unlimited Edition 
2017-07-15 00:11:42,083 INFO  [LoginTest] URLhttps://test.salesforce.com/navigated Successfully 
2017-07-15 00:11:42,098 INFO  [LoginTest] Website title is Salesforce - Unlimited Edition 
2017-07-15 00:11:42,098 INFO  [LoginTest] Username isken@kirinuki.jp.full 
2017-07-15 00:11:42,098 INFO  [LoginTest] Password is Masked 
2017-07-15 00:11:54,610 INFO  [LoginTest] URLhttps://test.salesforce.com/navigated Successfully 
2017-07-15 00:11:54,709 INFO  [LoginTest] Website title is Production Order ~ Salesforce - Unlimited Edition 
2017-07-15 00:12:06,784 INFO  [LoginTest] URLhttps://test.salesforce.com/navigated Successfully 
2017-07-15 00:12:06,815 INFO  [LoginTest] Website title is Production Order ~ Salesforce - Unlimited Edition 
2017-07-15 00:14:41,890 INFO  [LoginTest] URLhttps://test.salesforce.com/navigated Successfully 
2017-07-15 00:14:41,905 INFO  [LoginTest] Website title is Salesforce - Unlimited Edition 
2017-07-15 00:14:41,905 INFO  [LoginTest] Username isken@kirinuki.jp.full 
2017-07-15 00:14:41,905 INFO  [LoginTest] Password is Masked 
2017-07-15 00:14:58,915 INFO  [LoginTest] URLhttps://test.salesforce.com/navigated Successfully 
2017-07-15 00:14:58,946 INFO  [LoginTest] Website title is Production Order ~ Salesforce - Unlimited Edition 
2017-07-15 00:15:10,145 INFO  [LoginTest] URLhttps://test.salesforce.com/navigated Successfully 
2017-07-15 00:15:10,176 INFO  [LoginTest] Website title is Production Order ~ Salesforce - Unlimited Edition 
2017-07-15 00:26:33,179 INFO  [LoginTest] URLhttps://test.salesforce.com/navigated Successfully 
2017-07-15 00:26:33,201 INFO  [LoginTest] Website title is Salesforce - Unlimited Edition 
2017-07-15 00:26:33,201 INFO  [LoginTest] Username isken@kirinuki.jp.full 
2017-07-15 00:26:33,201 INFO  [LoginTest] Password is Masked 
2017-07-15 00:26:49,221 INFO  [LoginTest] URLhttps://test.salesforce.com/navigated Successfully 
2017-07-15 00:26:49,252 INFO  [LoginTest] Website title is Production Order ~ Salesforce - Unlimited Edition 
2017-07-15 00:27:06,989 INFO  [LoginTest] URLhttps://test.salesforce.com/navigated Successfully 
2017-07-15 00:27:07,010 INFO  [LoginTest] Website title is Production Order ~ Salesforce - Unlimited Edition 
2017-07-15 00:30:39,893 INFO  [LoginTest] URLhttps://test.salesforce.com/navigated Successfully 
2017-07-15 00:30:39,908 INFO  [LoginTest] Website title is Salesforce - Unlimited Edition 
2017-07-15 00:30:39,908 INFO  [LoginTest] Username isken@kirinuki.jp.full 
2017-07-15 00:30:39,908 INFO  [LoginTest] Password is Masked 
2017-07-15 00:32:21,039 INFO  [LoginTest] URLhttps://test.salesforce.com/navigated Successfully 
2017-07-15 00:32:21,049 INFO  [LoginTest] Website title is Salesforce - Unlimited Edition 
2017-07-15 00:32:21,049 INFO  [LoginTest] Username isken@kirinuki.jp.full 
2017-07-15 00:32:21,049 INFO  [LoginTest] Password is Masked 
2017-07-15 00:35:36,242 INFO  [LoginTest] URLhttps://test.salesforce.com/navigated Successfully 
2017-07-15 00:35:36,258 INFO  [LoginTest] Website title is Salesforce - Unlimited Edition 
2017-07-15 00:35:36,258 INFO  [LoginTest] Username isken@kirinuki.jp.full 
2017-07-15 00:35:36,258 INFO  [LoginTest] Password is Masked 
2017-07-15 00:36:10,328 INFO  [LoginTest] URLhttps://test.salesforce.com/navigated Successfully 
2017-07-15 00:36:10,360 INFO  [LoginTest] Website title is Production Order ~ Salesforce - Unlimited Edition 
2017-07-15 00:38:12,729 INFO  [LoginTest] URLhttps://test.salesforce.com/navigated Successfully 
2017-07-15 00:38:12,755 INFO  [LoginTest] Website title is Salesforce - Unlimited Edition 
2017-07-15 00:38:12,755 INFO  [LoginTest] Username isken@kirinuki.jp.full 
2017-07-15 00:38:12,755 INFO  [LoginTest] Password is Masked 
2017-07-15 00:40:42,629 INFO  [LoginTest] URLhttps://test.salesforce.com/navigated Successfully 
2017-07-15 00:40:42,645 INFO  [LoginTest] Website title is Salesforce - Unlimited Edition 
2017-07-15 00:40:42,645 INFO  [LoginTest] Username isken@kirinuki.jp.full 
2017-07-15 00:40:42,645 INFO  [LoginTest] Password is Masked 
2017-07-15 00:41:14,139 INFO  [LoginTest] URLhttps://test.salesforce.com/navigated Successfully 
2017-07-15 00:41:14,185 INFO  [LoginTest] Website title is Production Order ~ Salesforce - Unlimited Edition 
2017-07-15 00:43:49,947 INFO  [LoginTest] URLhttps://test.salesforce.com/navigated Successfully 
2017-07-15 00:43:49,963 INFO  [LoginTest] Website title is Salesforce - Unlimited Edition 
2017-07-15 00:43:49,963 INFO  [LoginTest] Username isken@kirinuki.jp.full 
2017-07-15 00:43:49,963 INFO  [LoginTest] Password is Masked 
2017-07-15 00:44:33,658 INFO  [LoginTest] URLhttps://test.salesforce.com/navigated Successfully 
2017-07-15 00:44:33,674 INFO  [LoginTest] Website title is Production Order ~ Salesforce - Unlimited Edition 
2017-07-15 00:45:24,880 INFO  [LoginTest] URLhttps://test.salesforce.com/navigated Successfully 
2017-07-15 00:45:24,911 INFO  [LoginTest] Website title is Salesforce - Unlimited Edition 
2017-07-15 00:45:24,911 INFO  [LoginTest] Username isken@kirinuki.jp.full 
2017-07-15 00:45:24,911 INFO  [LoginTest] Password is Masked 
2017-07-15 00:45:56,917 INFO  [LoginTest] URLhttps://test.salesforce.com/navigated Successfully 
2017-07-15 00:45:56,938 INFO  [LoginTest] Website title is Production Order ~ Salesforce - Unlimited Edition 
2017-07-15 20:02:43,098 INFO  [LoginTest] URLhttps://test.salesforce.com/navigated Successfully 
2017-07-15 20:02:43,155 INFO  [LoginTest] Website title is Salesforce - Unlimited Edition 
2017-07-15 20:02:43,155 INFO  [LoginTest] Username isken@kirinuki.jp.full 
2017-07-15 20:02:43,155 INFO  [LoginTest] Password is Masked 
2017-07-15 20:03:15,153 INFO  [LoginTest] URLhttps://test.salesforce.com/navigated Successfully 
2017-07-15 20:03:15,178 INFO  [LoginTest] Website title is Production Order ~ Salesforce - Unlimited Edition 
2017-07-15 20:04:20,037 INFO  [LoginTest] URLhttps://test.salesforce.com/navigated Successfully 
2017-07-15 20:04:20,062 INFO  [LoginTest] Website title is Salesforce - Unlimited Edition 
2017-07-15 20:04:20,062 INFO  [LoginTest] Username isken@kirinuki.jp.full 
2017-07-15 20:04:20,062 INFO  [LoginTest] Password is Masked 
2017-07-15 20:04:46,743 INFO  [LoginTest] URLhttps://test.salesforce.com/navigated Successfully 
2017-07-15 20:04:46,814 INFO  [LoginTest] Website title is Production Order ~ Salesforce - Unlimited Edition 
2017-07-15 20:06:12,936 INFO  [LoginTest] URLhttps://test.salesforce.com/navigated Successfully 
2017-07-15 20:06:12,958 INFO  [LoginTest] Website title is Salesforce - Unlimited Edition 
2017-07-15 20:06:12,958 INFO  [LoginTest] Username isken@kirinuki.jp.full 
2017-07-15 20:06:12,958 INFO  [LoginTest] Password is Masked 
2017-07-15 20:06:27,288 INFO  [LoginTest] URLhttps://test.salesforce.com/navigated Successfully 
2017-07-15 20:06:27,388 INFO  [LoginTest] Website title is Production Order ~ Salesforce - Unlimited Edition 
2017-07-15 20:06:40,988 INFO  [LoginTest] URLhttps://test.salesforce.com/navigated Successfully 
2017-07-15 20:06:41,009 INFO  [LoginTest] Website title is Production Order ~ Salesforce - Unlimited Edition 
2017-07-15 20:08:57,835 INFO  [LoginTest] URLhttps://test.salesforce.com/navigated Successfully 
2017-07-15 20:08:57,860 INFO  [LoginTest] Website title is Salesforce - Unlimited Edition 
2017-07-15 20:08:57,860 INFO  [LoginTest] Username isken@kirinuki.jp.full 
2017-07-15 20:08:57,860 INFO  [LoginTest] Password is Masked 
2017-07-15 20:09:12,162 INFO  [LoginTest] URLhttps://test.salesforce.com/navigated Successfully 
2017-07-15 20:09:12,413 INFO  [LoginTest] Website title is Production Order ~ Salesforce - Unlimited Edition 
2017-07-15 20:11:58,048 INFO  [LoginTest] URLhttps://test.salesforce.com/navigated Successfully 
2017-07-15 20:11:58,071 INFO  [LoginTest] Website title is Salesforce - Unlimited Edition 
2017-07-15 20:11:58,071 INFO  [LoginTest] Username isken@kirinuki.jp.full 
2017-07-15 20:11:58,071 INFO  [LoginTest] Password is Masked 
2017-07-15 20:12:19,336 INFO  [LoginTest] URLhttps://test.salesforce.com/navigated Successfully 
2017-07-15 20:12:19,361 INFO  [LoginTest] Website title is Production Order ~ Salesforce - Unlimited Edition 
2017-07-15 20:15:47,110 INFO  [LoginTest] URLhttps://test.salesforce.com/navigated Successfully 
2017-07-15 20:15:47,137 INFO  [LoginTest] Website title is Salesforce - Unlimited Edition 
2017-07-15 20:15:47,138 INFO  [LoginTest] Username isken@kirinuki.jp.full 
2017-07-15 20:15:47,138 INFO  [LoginTest] Password is Masked 
2017-07-15 20:16:01,683 INFO  [LoginTest] URLhttps://test.salesforce.com/navigated Successfully 
2017-07-15 20:16:01,739 INFO  [LoginTest] Website title is Production Order ~ Salesforce - Unlimited Edition 
2017-07-15 20:20:51,786 INFO  [LoginTest] URLhttps://test.salesforce.com/navigated Successfully 
2017-07-15 20:20:51,810 INFO  [LoginTest] Website title is Salesforce - Unlimited Edition 
2017-07-15 20:20:51,810 INFO  [LoginTest] Username isken@kirinuki.jp.full 
2017-07-15 20:20:51,810 INFO  [LoginTest] Password is Masked 
2017-07-15 20:21:15,276 INFO  [LoginTest] URLhttps://test.salesforce.com/navigated Successfully 
2017-07-15 20:21:15,300 INFO  [LoginTest] Website title is Salesforce - Unlimited Edition 
2017-07-15 23:14:08,326 INFO  [LoginTest] URLhttps://test.salesforce.com/navigated Successfully 
2017-07-15 23:14:08,378 INFO  [LoginTest] Website title is Salesforce - Unlimited Edition 
2017-07-15 23:14:08,379 INFO  [LoginTest] Username isken@kirinuki.jp.full 
2017-07-15 23:14:08,379 INFO  [LoginTest] Password is Masked 
2017-07-15 23:21:33,650 INFO  [LoginTest] URLhttps://test.salesforce.com/navigated Successfully 
2017-07-15 23:21:33,814 INFO  [LoginTest] Website title is Salesforce - Unlimited Edition 
2017-07-15 23:21:33,815 INFO  [LoginTest] Username isken@kirinuki.jp.full 
2017-07-15 23:21:33,815 INFO  [LoginTest] Password is Masked 
2017-07-15 23:23:01,675 INFO  [LoginTest] URLhttps://test.salesforce.com/navigated Successfully 
2017-07-15 23:23:01,697 INFO  [LoginTest] Website title is Salesforce - Unlimited Edition 
2017-07-15 23:23:01,698 INFO  [LoginTest] Username isken@kirinuki.jp.full 
2017-07-15 23:23:01,698 INFO  [LoginTest] Password is Masked 
2017-07-15 23:36:20,408 INFO  [LoginTest] URLhttps://test.salesforce.com/navigated Successfully 
2017-07-15 23:36:20,463 INFO  [LoginTest] Website title is Salesforce - Unlimited Edition 
2017-07-15 23:36:20,463 INFO  [LoginTest] Username isken@kirinuki.jp.full 
2017-07-15 23:36:20,463 INFO  [LoginTest] Password is Masked 
2017-07-15 23:40:32,576 INFO  [LoginTest] URLhttps://test.salesforce.com/navigated Successfully 
2017-07-15 23:40:32,601 INFO  [LoginTest] Website title is Salesforce - Unlimited Edition 
2017-07-15 23:40:32,602 INFO  [LoginTest] Username isken@kirinuki.jp.full 
2017-07-15 23:40:32,602 INFO  [LoginTest] Password is Masked 
2017-07-15 23:43:56,998 INFO  [LoginTest] URLhttps://test.salesforce.com/navigated Successfully 
2017-07-15 23:43:57,019 INFO  [LoginTest] Website title is Salesforce - Unlimited Edition 
2017-07-15 23:43:57,020 INFO  [LoginTest] Username isken@kirinuki.jp.full 
2017-07-15 23:43:57,020 INFO  [LoginTest] Password is Masked 
2017-07-15 23:54:29,433 INFO  [LoginTest] URLhttps://test.salesforce.com/navigated Successfully 
2017-07-15 23:54:29,485 INFO  [LoginTest] Website title is Salesforce - Unlimited Edition 
2017-07-15 23:54:29,485 INFO  [LoginTest] Username isken@kirinuki.jp.full 
2017-07-15 23:54:29,485 INFO  [LoginTest] Password is Masked 
2017-07-15 23:55:15,062 INFO  [LoginTest] URLhttps://test.salesforce.com/navigated Successfully 
2017-07-15 23:55:15,082 INFO  [LoginTest] Website title is Salesforce - Unlimited Edition 
2017-07-16 00:04:40,634 INFO  [LoginTest] URLhttps://test.salesforce.com/navigated Successfully 
2017-07-16 00:04:40,670 INFO  [LoginTest] Website title is Salesforce - Unlimited Edition 
2017-07-16 00:04:40,670 INFO  [LoginTest] Username isken@kirinuki.jp.full 
2017-07-16 00:04:40,671 INFO  [LoginTest] Password is Masked 
2017-07-16 00:05:22,280 INFO  [LoginTest] URLhttps://test.salesforce.com/navigated Successfully 
2017-07-16 00:05:22,304 INFO  [LoginTest] Website title is Salesforce - Unlimited Edition 
2017-07-16 00:06:19,957 INFO  [LoginTest] URLhttps://test.salesforce.com/navigated Successfully 
2017-07-16 00:06:19,981 INFO  [LoginTest] Website title is Salesforce - Unlimited Edition 
2017-07-16 00:06:19,981 INFO  [LoginTest] Username isken@kirinuki.jp.full 
2017-07-16 00:06:19,981 INFO  [LoginTest] Password is Masked 
2017-07-16 00:07:12,027 INFO  [LoginTest] URLhttps://test.salesforce.com/navigated Successfully 
2017-07-16 00:07:12,061 INFO  [LoginTest] Website title is Salesforce - Unlimited Edition 
2017-07-16 00:09:47,423 INFO  [LoginTest] URLhttps://test.salesforce.com/navigated Successfully 
2017-07-16 00:09:47,455 INFO  [LoginTest] Website title is Salesforce - Unlimited Edition 
2017-07-16 00:09:47,456 INFO  [LoginTest] Username isken@kirinuki.jp.full 
2017-07-16 00:09:47,456 INFO  [LoginTest] Password is Masked 
2017-07-16 00:17:51,262 INFO  [LoginTest] URLhttps://test.salesforce.com/navigated Successfully 
2017-07-16 00:17:51,340 INFO  [LoginTest] Website title is Salesforce - Unlimited Edition 
2017-07-16 00:17:51,340 INFO  [LoginTest] Username isken@kirinuki.jp.full 
2017-07-16 00:17:51,340 INFO  [LoginTest] Password is Masked 
2017-07-16 00:18:22,219 INFO  [LoginTest] URLhttps://test.salesforce.com/navigated Successfully 
2017-07-16 00:18:22,249 INFO  [LoginTest] Website title is Salesforce - Unlimited Edition 
2017-07-16 00:31:39,991 INFO  [LoginTest] URLhttps://test.salesforce.com/navigated Successfully 
2017-07-16 00:31:40,166 INFO  [LoginTest] Website title is Salesforce - Unlimited Edition 
2017-07-16 00:31:40,166 INFO  [LoginTest] Username isken@kirinuki.jp.full 
2017-07-16 00:31:40,166 INFO  [LoginTest] Password is Masked 
2017-07-16 00:38:28,290 INFO  [LoginTest] URLhttps://test.salesforce.com/navigated Successfully 
2017-07-16 00:38:28,337 INFO  [LoginTest] Website title is Salesforce - Unlimited Edition 
2017-07-16 00:38:28,337 INFO  [LoginTest] Username isken@kirinuki.jp.full 
2017-07-16 00:38:28,337 INFO  [LoginTest] Password is Masked 
2017-07-16 00:45:54,262 INFO  [LoginTest] URLhttps://test.salesforce.com/navigated Successfully 
2017-07-16 00:45:54,371 INFO  [LoginTest] Website title is Salesforce - Unlimited Edition 
2017-07-16 00:45:54,371 INFO  [LoginTest] Username isken@kirinuki.jp.full 
2017-07-16 00:45:54,371 INFO  [LoginTest] Password is Masked 
2017-07-16 00:46:26,361 INFO  [LoginTest] URLhttps://test.salesforce.com/navigated Successfully 
2017-07-16 00:46:26,407 INFO  [LoginTest] Website title is Salesforce - Unlimited Edition 
2017-07-16 00:48:15,240 INFO  [LoginTest] URLhttps://test.salesforce.com/navigated Successfully 
2017-07-16 00:48:15,267 INFO  [LoginTest] Website title is Salesforce - Unlimited Edition 
2017-07-16 00:48:15,267 INFO  [LoginTest] Username isken@kirinuki.jp.full 
2017-07-16 00:48:15,267 INFO  [LoginTest] Password is Masked 
2017-07-16 00:53:11,124 INFO  [LoginTest] URLhttps://test.salesforce.com/navigated Successfully 
2017-07-16 00:53:11,192 INFO  [LoginTest] Website title is Salesforce - Unlimited Edition 
2017-07-16 00:53:11,193 INFO  [LoginTest] Username isken@kirinuki.jp.full 
2017-07-16 00:53:11,193 INFO  [LoginTest] Password is Masked 
2017-07-16 00:54:30,406 INFO  [LoginTest] URLhttps://test.salesforce.com/navigated Successfully 
2017-07-16 00:54:30,497 INFO  [LoginTest] Website title is Salesforce - Unlimited Edition 
2017-07-16 21:10:05,163 INFO  [LoginTest] URLhttps://test.salesforce.com/navigated Successfully 
2017-07-16 21:10:05,231 INFO  [LoginTest] Website title is Salesforce - Unlimited Edition 
2017-07-16 21:10:05,232 INFO  [LoginTest] Username isken@kirinuki.jp.full 
2017-07-16 21:10:05,232 INFO  [LoginTest] Password is Masked 
2017-07-16 21:10:46,173 INFO  [LoginTest] URLhttps://test.salesforce.com/navigated Successfully 
2017-07-16 21:10:46,193 INFO  [LoginTest] Website title is Salesforce - Unlimited Edition 
2017-07-16 22:09:11,977 INFO  [LoginTest] URLhttps://test.salesforce.com/navigated Successfully 
2017-07-16 22:09:12,005 INFO  [LoginTest] Website title is Salesforce - Unlimited Edition 
2017-07-16 22:09:12,005 INFO  [LoginTest] Username isken@kirinuki.jp.full 
2017-07-16 22:09:12,021 INFO  [LoginTest] Password is Masked 
2017-07-16 22:11:13,000 INFO  [LoginTest] URLhttps://test.salesforce.com/navigated Successfully 
2017-07-16 22:11:13,031 INFO  [LoginTest] Website title is Salesforce - Unlimited Edition 
2017-07-16 22:11:13,031 INFO  [LoginTest] Username isken@kirinuki.jp.full 
2017-07-16 22:11:13,031 INFO  [LoginTest] Password is Masked 
2017-07-16 22:14:16,313 INFO  [LoginTest] URLhttps://test.salesforce.com/navigated Successfully 
2017-07-16 22:14:16,321 INFO  [LoginTest] Website title is Salesforce - Unlimited Edition 
2017-07-16 22:14:16,321 INFO  [LoginTest] Username isken@kirinuki.jp.full 
2017-07-16 22:14:16,321 INFO  [LoginTest] Password is Masked 
2017-07-16 22:19:26,790 INFO  [LoginTest] URLhttps://test.salesforce.com/navigated Successfully 
2017-07-16 22:19:26,806 INFO  [LoginTest] Website title is Salesforce - Unlimited Edition 
2017-07-16 22:19:26,806 INFO  [LoginTest] Username isken@kirinuki.jp.full 
2017-07-16 22:19:26,806 INFO  [LoginTest] Password is Masked 
2017-07-16 22:22:16,244 INFO  [LoginTest] URLhttps://test.salesforce.com/navigated Successfully 
2017-07-16 22:22:16,259 INFO  [LoginTest] Website title is Salesforce - Unlimited Edition 
2017-07-16 22:22:16,259 INFO  [LoginTest] Username isken@kirinuki.jp.full 
2017-07-16 22:22:16,259 INFO  [LoginTest] Password is Masked 
2017-07-16 22:26:47,399 INFO  [LoginTest] URLhttps://test.salesforce.com/navigated Successfully 
2017-07-16 22:26:47,434 INFO  [LoginTest] Website title is Salesforce - Unlimited Edition 
2017-07-16 22:26:47,434 INFO  [LoginTest] Username isken@kirinuki.jp.full 
2017-07-16 22:26:47,434 INFO  [LoginTest] Password is Masked 
2017-07-16 22:32:19,844 INFO  [LoginTest] URLhttps://test.salesforce.com/navigated Successfully 
2017-07-16 22:32:19,860 INFO  [LoginTest] Website title is Salesforce - Unlimited Edition 
2017-07-16 22:32:19,860 INFO  [LoginTest] Username isken@kirinuki.jp.full 
2017-07-16 22:32:19,860 INFO  [LoginTest] Password is Masked 
2017-07-16 22:38:14,312 INFO  [LoginTest] URLhttps://test.salesforce.com/navigated Successfully 
2017-07-16 22:38:14,386 INFO  [LoginTest] Website title is Salesforce - Unlimited Edition 
2017-07-16 22:38:14,386 INFO  [LoginTest] Username isken@kirinuki.jp.full 
2017-07-16 22:38:14,386 INFO  [LoginTest] Password is Masked 
2017-07-16 22:40:21,777 INFO  [LoginTest] URLhttps://test.salesforce.com/navigated Successfully 
2017-07-16 22:40:21,808 INFO  [LoginTest] Website title is Salesforce - Unlimited Edition 
2017-07-16 22:40:21,808 INFO  [LoginTest] Username isken@kirinuki.jp.full 
2017-07-16 22:40:21,808 INFO  [LoginTest] Password is Masked 
2017-07-16 22:45:18,781 INFO  [LoginTest] URLhttps://test.salesforce.com/navigated Successfully 
2017-07-16 22:45:18,797 INFO  [LoginTest] Website title is Salesforce - Unlimited Edition 
2017-07-16 22:45:18,797 INFO  [LoginTest] Username isken@kirinuki.jp.full 
2017-07-16 22:45:18,797 INFO  [LoginTest] Password is Masked 
2017-07-16 23:07:34,167 INFO  [LoginTest] URLhttps://test.salesforce.com/navigated Successfully 
2017-07-16 23:07:34,229 INFO  [LoginTest] Website title is Salesforce - Unlimited Edition 
2017-07-16 23:07:34,229 INFO  [LoginTest] Username isken@kirinuki.jp.full 
2017-07-16 23:07:34,229 INFO  [LoginTest] Password is Masked 
2017-07-16 23:11:04,005 INFO  [LoginTest] URLhttps://test.salesforce.com/navigated Successfully 
2017-07-16 23:11:04,036 INFO  [LoginTest] Website title is Salesforce - Unlimited Edition 
2017-07-16 23:11:04,036 INFO  [LoginTest] Username isken@kirinuki.jp.full 
2017-07-16 23:11:04,036 INFO  [LoginTest] Password is Masked 
2017-07-16 23:16:31,120 INFO  [LoginTest] URLhttps://test.salesforce.com/navigated Successfully 
2017-07-16 23:16:31,136 INFO  [LoginTest] Website title is Salesforce - Unlimited Edition 
2017-07-16 23:16:31,136 INFO  [LoginTest] Username isken@kirinuki.jp.full 
2017-07-16 23:16:31,136 INFO  [LoginTest] Password is Masked 
2017-07-16 23:24:12,654 INFO  [LoginTest] URLhttps://test.salesforce.com/navigated Successfully 
2017-07-16 23:24:12,670 INFO  [LoginTest] Website title is Salesforce - Unlimited Edition 
2017-07-16 23:24:12,670 INFO  [LoginTest] Username isken@kirinuki.jp.full 
2017-07-16 23:24:12,670 INFO  [LoginTest] Password is Masked 
2017-07-17 23:20:42,203 INFO  [LoginTest] URLhttps://test.salesforce.com/navigated Successfully 
2017-07-17 23:20:42,470 INFO  [LoginTest] Website title is Salesforce - Unlimited Edition 
2017-07-17 23:20:42,470 INFO  [LoginTest] Username isken@kirinuki.jp.full 
2017-07-17 23:20:42,470 INFO  [LoginTest] Password is Masked 
2017-07-17 23:27:04,803 INFO  [LoginTest] URLhttps://test.salesforce.com/navigated Successfully 
2017-07-17 23:27:04,911 INFO  [LoginTest] Website title is Salesforce - Unlimited Edition 
2017-07-17 23:27:04,911 INFO  [LoginTest] Username isken@kirinuki.jp.full 
2017-07-17 23:27:04,912 INFO  [LoginTest] Password is Masked 
2017-07-17 23:29:34,299 INFO  [LoginTest] URLhttps://test.salesforce.com/navigated Successfully 
2017-07-17 23:29:34,366 INFO  [LoginTest] Website title is Salesforce - Unlimited Edition 
2017-07-22 10:20:49,066 INFO  [LoginTest] URLhttps://test.salesforce.com/navigated Successfully 
2017-07-22 10:20:49,129 INFO  [LoginTest] Website title is  
2017-07-22 10:20:49,129 INFO  [LoginTest] Username isken@kirinuki.jp.full 
2017-07-22 10:20:49,129 INFO  [LoginTest] Password is Masked 
2017-07-22 10:22:23,671 INFO  [LoginTest] URLhttps://test.salesforce.com/navigated Successfully 
2017-07-22 10:22:23,705 INFO  [LoginTest] Website title is  
2017-07-22 10:22:23,705 INFO  [LoginTest] Username isken@kirinuki.jp.full 
2017-07-22 10:22:23,705 INFO  [LoginTest] Password is Masked 
2017-07-22 13:06:18,068 INFO  [LoginTest] URLhttps://test.salesforce.com/navigated Successfully 
2017-07-22 13:06:18,122 INFO  [LoginTest] Website title is  
2017-07-22 13:06:18,122 INFO  [LoginTest] Username isken@kirinuki.jp.full 
2017-07-22 13:06:18,122 INFO  [LoginTest] Password is Masked 
2017-07-22 13:09:06,004 INFO  [LoginTest] URLhttps://test.salesforce.com/navigated Successfully 
2017-07-22 13:09:06,073 INFO  [LoginTest] Website title is  
2017-07-22 13:09:06,077 INFO  [LoginTest] Username isken@kirinuki.jp.full 
2017-07-22 13:09:06,077 INFO  [LoginTest] Password is Masked 
2017-07-22 13:12:51,116 INFO  [LoginTest] URLhttps://test.salesforce.com/navigated Successfully 
2017-07-22 13:12:51,144 INFO  [LoginTest] Website title is  
2017-07-22 13:12:51,144 INFO  [LoginTest] Username isken@kirinuki.jp.full 
2017-07-22 13:12:51,144 INFO  [LoginTest] Password is Masked 
2017-07-22 13:16:02,960 INFO  [LoginTest] URLhttps://test.salesforce.com/navigated Successfully 
2017-07-22 13:16:03,016 INFO  [LoginTest] Website title is Salesforce - Unlimited Edition 
2017-07-28 23:55:31,233 INFO  [LoginTest] URLhttps://test.salesforce.com/navigated Successfully 
2017-07-28 23:55:31,348 INFO  [LoginTest] Website title is  
2017-07-28 23:55:31,349 INFO  [LoginTest] Username isken@kirinuki.jp.full 
2017-07-28 23:55:31,349 INFO  [LoginTest] Password is Masked 
2017-07-28 23:58:54,985 INFO  [LoginTest] URLhttps://test.salesforce.com/navigated Successfully 
2017-07-28 23:58:55,020 INFO  [LoginTest] Website title is  
2017-07-28 23:58:55,099 INFO  [LoginTest] Username isken@kirinuki.jp.full 
2017-07-28 23:58:55,099 INFO  [LoginTest] Password is Masked 
2017-07-29 00:03:56,569 INFO  [LoginTest] URLhttps://test.salesforce.com/navigated Successfully 
2017-07-29 00:03:56,588 INFO  [LoginTest] Website title is  
2017-07-29 00:03:56,588 INFO  [LoginTest] Username isken@kirinuki.jp.full 
2017-07-29 00:03:56,588 INFO  [LoginTest] Password is Masked 
2017-07-29 10:04:38,604 INFO  [LoginTest] URLhttps://test.salesforce.com/navigated Successfully 
2017-07-29 10:04:38,658 INFO  [LoginTest] Website title is  
2017-07-29 10:04:38,658 INFO  [LoginTest] Username isken@kirinuki.jp.full 
2017-07-29 10:04:38,658 INFO  [LoginTest] Password is Masked 
2017-07-29 10:07:30,765 INFO  [LoginTest] URLhttps://test.salesforce.com/navigated Successfully 
2017-07-29 10:07:30,807 INFO  [LoginTest] Website title is Salesforce - Unlimited Edition 
